1562379079796	mozrunner::runner	INFO	Running command: "C:\\Program Files\\Mozilla Firefox\\firefox.exe" "-marionette" "-foreground" "-no-remote" "-profile" "C:\\Users\\Wang\\AppData\\Local\\Temp\\rust_mozprofile.BULWedQkNJsO"
1562379081389	addons.webextension.screenshots@mozilla.org	WARN	Loading extension 'screenshots@mozilla.org': Reading manifest: Invalid host permission: resource://pdf.js/
1562379081390	addons.webextension.screenshots@mozilla.org	WARN	Loading extension 'screenshots@mozilla.org': Reading manifest: Invalid host permission: about:reader*
1562379084409	Marionette	INFO	Listening on port 20088
1562379084785	Marionette	WARN	TLS certificate errors will be ignored for this session
JavaScript error: chrome://global/content/customElements.js, line 222: too much recursion
JavaScript error: chrome://global/content/customElements.js, line 222: too much recursion
JavaScript error: chrome://global/content/customElements.js, line 222: too much recursion
JavaScript error: chrome://global/content/customElements.js, line 222: too much recursion
JavaScript error: chrome://global/content/customElements.js, line 222: too much recursion
JavaScript error: chrome://global/content/customElements.js, line 222: too much recursion
JavaScript error: chrome://global/content/customElements.js, line 222: too much recursion
JavaScript error: chrome://global/content/customElements.js, line 222: too much recursion
JavaScript error: chrome://global/content/customElements.js, line 222: too much recursion
JavaScript error: chrome://global/content/customElements.js, line 222: too much recursion
JavaScript error: chrome://global/content/customElements.js, line 222: too much recursion
[Parent 15952, Gecko_IOThread] WARNING: pipe error: 109: file z:/build/build/src/ipc/chromium/src/chrome/common/ipc_channel_win.cc, line 332
[Child 18740, Chrome_ChildThread] WARNING: pipe error: 232: file z:/build/build/src/ipc/chromium/src/chrome/common/ipc_channel_win.cc, line 493
[Child 18740, Chrome_ChildThread] WARNING: pipe error: 109: file z:/build/build/src/ipc/chromium/src/chrome/common/ipc_channel_win.cc, line 332
[Child 1[Child 18020, Chrome_ChildThread] WARNING: pipe error: 109: file z:/build/build/src/ipc/chromium/src/chrome/common/ipc_channel_win.cc, line 332
[Child 18020, Chrome_ChildThread] WARNING: [Parent 15952, Gecko_IOThread] WARNING: pipe error: 109: file z:/build/build/src/ipc/chromium/src/chrome/common/ipc_channel_win.cc, line 332
1562379208449	Marionette	INFO	Stopped listening on port 20088
[RDD 20916
###!!! [Child][MessageChannel::SendAndWait] Error: Channel error: cannot send/recv

1562379214166	mozrunner::runner	INFO	Running command: "C:\\Program Files\\Mozilla Firefox\\firefox.exe" "-marionette" "-foreground" "-no-remote" "-profile" "C:\\Users\\Wang\\AppData\\Local\\Temp\\rust_mozprofile.DuuUB9nKLMvG"
1562379215721	addons.webextension.screenshots@mozilla.org	WARN	Loading extension 'screenshots@mozilla.org': Reading manifest: Invalid host permission: resource://pdf.js/
1562379215721	addons.webextension.screenshots@mozilla.org	WARN	Loading extension 'screenshots@mozilla.org': Reading manifest: Invalid host permission: about:reader*
1562379219002	Marionette	INFO	Listening on port 20261
1562379219276	Marionette	WARN	TLS certificate errors will be ignored for this session
JavaScript error: chrome://global/content/customElements.js, line 222: too much recursion
JavaScript error: chrome://global/content/customElements.js, line 222: too much recursion
JavaScript error: chrome://global/content/customElements.js, line 222: too much recursion
JavaScript error: chrome://global/content/customElements.js, line 222: too much recursion
JavaScript error: chrome://global/content/customElements.js, line 222: too much recursion
JavaScript error: chrome://global/content/customElements.js, line 222: too much recursion
JavaScript error: chrome://global/content/customElements.js, line 222: too much recursion
JavaScript error: chrome://global/content/customElements.js, line 222: too much recursion
JavaScript error: chrome://global/content/customElements.js, line 222: too much recursion
JavaScript error: chrome://global/content/customElements.js, line 222: too much recursion
[Parent 21688, Gecko_IOThread] WARNING: pipe error: 109: file z:/build/build/src/ipc/chromium/src/chrome/common/ipc_channel_win.cc, line 332
[Parent 21688, Gecko_IOThread] WARNING: pipe error: 109: file z:/build/build/src/ipc/chromium/src/chrome/common/ipc_channel_win.cc, line 332
[Child 17128, Chrome_ChildThread] WARNING: pipe error: 109: file z:/b[Child 20104, Chrome_ChildThread] WARNING: pipe error: 109: file z:/build/build/src/ipc/chromium/src/chrome/common/ipc_channel_win.cc, line 332u
ild/build/src[/Chiipldc/chromium/src/chrome/common/ipc_channel_win.cc, line 332
[Child[Parent 21688, Gecko_IOThread] WARNING: pipe error: 109: file z:/build/build/src/ipc/chromium/src/chrome/common/ipc_channel_win.cc, line 332
[Child 14532, Chrome_ChildThread] WARNING: pipe error: 109: file z:/build/build/src/ipc/chromium/src/chrome/common/ipc_channel_win.cc, line 332
[Child 1562379256937	Marionette	INFO	Stopped listening on port 20261
[RDD 13040, C
###!!! [Child][MessageChannel::SendAndWait] Error: Channel error: cannot send/recv

1562379261858	mozrunner::runner	INFO	Running command: "C:\\Program Files\\Mozilla Firefox\\firefox.exe" "-marionette" "-foreground" "-no-remote" "-profile" "C:\\Users\\Wang\\AppData\\Local\\Temp\\rust_mozprofile.VUSlR6vNSJwM"
1562379263426	addons.webextension.screenshots@mozilla.org	WARN	Loading extension 'screenshots@mozilla.org': Reading manifest: Invalid host permission: resource://pdf.js/
1562379263426	addons.webextension.screenshots@mozilla.org	WARN	Loading extension 'screenshots@mozilla.org': Reading manifest: Invalid host permission: about:reader*
1562379266387	Marionette	INFO	Listening on port 20331
1562379266841	Marionette	WARN	TLS certificate errors will be ignored for this session
[Parent 6468, Gecko_IOThread] WARNING: pipe error: 109: file z:/build/build/src/ipc/chromium/src/chrome/common/ipc_channel_win.cc, line 332
[Child 19976, Chrome_ChildThread] WARNING: pipe error: 232: file z:/build/build/src/ipc/chromium/src/chrome/common/ipc_channel_win.cc, line 493[
Child 22356, C[hChrild 19976, Chrome_ChildThread] WARNING: pipe error: 109: file z:/build/build/src/ipc/chromium/src/chrome/comome_ChildThread] WARNING: pipe error: 109: file z:/build/build/src/ipc/chromium/src/chrome/common/ipc_channel_win.cc, line 332
mon/ipc[Child 223_channel_win.cc, line 332
[Child 199[Parent 6468, Gecko_IOThread] WARNING: pipe error: 109: file z:/build/build/src/ipc/chromium/src/chrome/common/ipc_channel_win.cc, line 332
[Child 9064, Chrome_ChildThread] WARNING: pipe error: 109: file z:/build/build/src/ipc/chromium/src/chrome/common/ipc_channel_win.cc, line 332
[Child 91562379288424	Marionette	INFO	Stopped listening on port 20331
[RDD
###!!! [Child][MessageChannel::SendAndWait] Error: Channel error: cannot send/recv

1562379302124	mozrunner::runner	INFO	Running command: "C:\\Program Files\\Mozilla Firefox\\firefox.exe" "-marionette" "-foreground" "-no-remote" "-profile" "C:\\Users\\Wang\\AppData\\Local\\Temp\\rust_mozprofile.EEhXvKM8onq7"
1562379303704	addons.webextension.screenshots@mozilla.org	WARN	Loading extension 'screenshots@mozilla.org': Reading manifest: Invalid host permission: resource://pdf.js/
1562379303704	addons.webextension.screenshots@mozilla.org	WARN	Loading extension 'screenshots@mozilla.org': Reading manifest: Invalid host permission: about:reader*
1562379306970	Marionette	INFO	Listening on port 20388
1562379307142	Marionette	WARN	TLS certificate errors will be ignored for this session
JavaScript error: http://s1.bdstatic.com/r/www/cache/static/plugins/every_cookie_4644b13.js, line 4: ReferenceError: c is not defined
[Parent 19080, Gecko_IOThread] WARNING: pipe error: 109: file z:/build/build/src/ipc/chromium/src/chrome/common/ipc_channel_win.cc, line 332
[Parent 19080, Gecko_IOThread] WARNING: pipe error: 109: file z:/build/build/src/ipc/chromium/src/chrome/common/ipc_channel_win.cc, line 332
[Child 19480, Chrome_ChildThread] WARNING: pipe error: 109: file z:/build/build/src/ipc/chro[mCium/src/chrome/common/ipc_channel_win.cc, line 332hild 20688, Chrome_ChildThread] WARNING: pipe error:
 109: fil[eC hz:/build/build/src/ipc/chromium/src/chrome/common/ipc_channel_win.cc, line 332
[Child[Parent 19080, Gecko_IOThread] WARNING: pipe error: 109: file z:/build/build/src/ipc/chromium/src/chrome/common/ipc_channel_win.cc, line 332
[Child 9548, Chrome_ChildThread] WARNING: pipe error: 109: file z:/build/build/src/ipc/chromium/src/chrome/common/ipc_channel_win.cc, line 332
[Child 91562379525502	Marionette	INFO	Stopped listening on port 20388
[RDD 4436, Ch
###!!! [Child][MessageChannel::SendAndWait] Error: Channel error: cannot send/recv

code!

###!!! [Parent][DispatchAsyncMessage] Error: PLayerTransaction::Msg_ReleaseLayer Processing error: message was deserialized, but the handler returned false (indicating failure)

IPDL protocol error: Handler returned error code!

###!!! [Parent][DispatchAsyncMessage] Error: PLayerTransaction::Msg_ReleaseLayer Processing error: message was deserialized, but the handler returned false (indicating failure)

IPDL protocol error: Handler returned error code!

###!!! [Parent][DispatchAsyncMessage] Error: PLayerTransaction::Msg_ReleaseLayer Processing error: message was deserialized, but the handler returned false (indicating failure)

IPDL protocol error: Handler returned error code!

###!!! [Parent][DispatchAsyncMessage] Error: PLayerTransaction::Msg_ReleaseLayer Processing error: message was deserialized, but the handler returned false (indicating failure)

IPDL protocol error: Handler returned error code!

###!!! [Parent][DispatchAsyncMessage] Error: PLayerTransaction::Msg_ReleaseLayer Processing error: message was deserialized, but the handler returned false (indicating failure)

IPDL protocol error: Handler returned error code!

###!!! [Parent][DispatchAsyncMessage] Error: PLayerTransaction::Msg_ReleaseLayer Processing error: message was deserialized, but the handler returned false (indicating failure)

IPDL protocol error: Handler returned error code!

###!!! [Parent][DispatchAsyncMessage] Error: PLayerTransaction::Msg_ReleaseLayer Processing error: message was deserialized, but the handler returned false (indicating failure)

[[Parent 19664, Gecko_IOThread] WARNING: pipe error: 109: file z:/build/build/src/ipc/chromium/src/chrome/common/ipc_channel_win.cc, line 332
[Child 6060, Chrome_ChildThread] WARNING: pipe error: 109: file z:/build/build/src/ipc/chromium/src/chrome/common/ipc_channel_win.cc, line 332
[Child 61562379500609	Marionette	INFO	Stopped listening on port 20454
[RD
###!!! [Child][MessageChannel::SendAndWait] Error: Channel error: cannot send/recv

